<?xml version="1.0" encoding="UTF-8"?>
<testng-results ignored="0" total="1" passed="1" failed="0" skipped="0">
  <reporter-output>
  </reporter-output>
  <suite started-at="2026-03-02T14:14:54 IST" name="SauceDemoSuite" finished-at="2026-03-02T14:15:05 IST" duration-ms="10857">
    <groups>
    </groups>
    <test started-at="2026-03-02T14:14:54 IST" name="LoginTest" finished-at="2026-03-02T14:15:05 IST" duration-ms="10857">
      <class name="saucedemo.LoginTest">
        <test-method is-config="true" signature="setup()[pri:0, instance:saucedemo.LoginTest@6ad3381f]" started-at="2026-03-02T14:14:54 IST" name="setup" finished-at="2026-03-02T14:14:59 IST" duration-ms="4318" status="PASS">
          <reporter-output>
          </reporter-output>
        </test-method> <!-- setup -->
        <test-method signature="loginTest()[pri:0, instance:saucedemo.LoginTest@6ad3381f]" started-at="2026-03-02T14:14:59 IST" name="loginTest" finished-at="2026-03-02T14:15:04 IST" duration-ms="5197" status="PASS">
          <reporter-output>
          </reporter-output>
        </test-method> <!-- loginTest -->
        <test-method is-config="true" signature="tearDown()[pri:0, instance:saucedemo.LoginTest@6ad3381f]" started-at="2026-03-02T14:15:04 IST" name="tearDown" finished-at="2026-03-02T14:15:05 IST" duration-ms="1130" status="PASS">
          <reporter-output>
          </reporter-output>
        </test-method> <!-- tearDown -->
      </class> <!-- saucedemo.LoginTest -->
    </test> <!-- LoginTest -->
  </suite> <!-- SauceDemoSuite -->
</testng-results>
