<?xml version="1.0" encoding="UTF-8"?>
<testng-results ignored="0" total="1" passed="1" failed="0" skipped="0">
  <reporter-output>
  </reporter-output>
  <suite started-at="2026-02-20T15:02:53 IST" name="Default suite" finished-at="2026-02-20T15:03:06 IST" duration-ms="13035">
    <groups>
    </groups>
    <test started-at="2026-02-20T15:02:53 IST" name="Default test" finished-at="2026-02-20T15:03:06 IST" duration-ms="13035">
      <class name="Test_NG.Put_Test">
        <test-method signature="updateProductTest()[pri:0, instance:Test_NG.Put_Test@4c371370]" started-at="2026-02-20T15:02:53 IST" name="updateProductTest" finished-at="2026-02-20T15:03:06 IST" duration-ms="12896" status="PASS">
          <reporter-output>
          </reporter-output>
        </test-method> <!-- updateProductTest -->
      </class> <!-- Test_NG.Put_Test -->
    </test> <!-- Default test -->
  </suite> <!-- Default suite -->
</testng-results>
