<?xml version="1.0" encoding="UTF-8"?>
<testng-results ignored="0" total="5" passed="5" failed="0" skipped="0">
  <reporter-output>
  </reporter-output>
  <suite started-at="2026-03-03T17:15:27 IST" name="E2EFramework Suite" finished-at="2026-03-03T17:18:11 IST" duration-ms="163327">
    <groups>
    </groups>
    <test started-at="2026-03-03T17:15:27 IST" name="Chrome Test" finished-at="2026-03-03T17:18:11 IST" duration-ms="163327">
      <class name="tests.LoginTest">
        <test-method is-config="true" signature="setup(java.lang.String)[pri:0, instance:tests.LoginTest@6b927fb]" started-at="2026-03-03T17:15:28 IST" name="setup" finished-at="2026-03-03T17:16:35 IST" duration-ms="66916" status="PASS">
          <params>
            <param index="0">
              <value>
                <![CDATA[chrome]]>
              </value>
            </param>
          </params>
          <reporter-output>
          </reporter-output>
        </test-method> <!-- setup -->
        <test-method signature="loginTest(java.lang.String,java.lang.String,boolean)[pri:0, instance:tests.LoginTest@6b927fb]" started-at="2026-03-03T17:16:35 IST" name="loginTest" data-provider="loginData" finished-at="2026-03-03T17:16:36 IST" duration-ms="1684" status="PASS">
          <params>
            <param index="0">
              <value>
                <![CDATA[standard_user]]>
              </value>
            </param>
            <param index="1">
              <value>
                <![CDATA[secret_sauce]]>
              </value>
            </param>
            <param index="2">
              <value>
                <![CDATA[true]]>
              </value>
            </param>
          </params>
          <reporter-output>
          </reporter-output>
        </test-method> <!-- loginTest -->
        <test-method is-config="true" signature="tearDown()[pri:0, instance:tests.LoginTest@6b927fb]" started-at="2026-03-03T17:16:36 IST" name="tearDown" finished-at="2026-03-03T17:16:38 IST" duration-ms="1252" status="PASS">
          <reporter-output>
          </reporter-output>
        </test-method> <!-- tearDown -->
        <test-method is-config="true" signature="setup(java.lang.String)[pri:0, instance:tests.LoginTest@6b927fb]" started-at="2026-03-03T17:16:38 IST" name="setup" finished-at="2026-03-03T17:17:05 IST" duration-ms="27726" status="PASS">
          <params>
            <param index="0">
              <value>
                <![CDATA[chrome]]>
              </value>
            </param>
          </params>
          <reporter-output>
          </reporter-output>
        </test-method> <!-- setup -->
        <test-method signature="loginTest(java.lang.String,java.lang.String,boolean)[pri:0, instance:tests.LoginTest@6b927fb]" started-at="2026-03-03T17:17:05 IST" name="loginTest" data-provider="loginData" finished-at="2026-03-03T17:17:07 IST" duration-ms="1902" status="PASS">
          <params>
            <param index="0">
              <value>
                <![CDATA[standard_user]]>
              </value>
            </param>
            <param index="1">
              <value>
                <![CDATA[wrong]]>
              </value>
            </param>
            <param index="2">
              <value>
                <![CDATA[false]]>
              </value>
            </param>
          </params>
          <reporter-output>
          </reporter-output>
        </test-method> <!-- loginTest -->
        <test-method is-config="true" signature="tearDown()[pri:0, instance:tests.LoginTest@6b927fb]" started-at="2026-03-03T17:17:07 IST" name="tearDown" finished-at="2026-03-03T17:17:09 IST" duration-ms="1368" status="PASS">
          <reporter-output>
          </reporter-output>
        </test-method> <!-- tearDown -->
        <test-method is-config="true" signature="setup(java.lang.String)[pri:0, instance:tests.LoginTest@6b927fb]" started-at="2026-03-03T17:17:09 IST" name="setup" finished-at="2026-03-03T17:17:30 IST" duration-ms="20889" status="PASS">
          <params>
            <param index="0">
              <value>
                <![CDATA[chrome]]>
              </value>
            </param>
          </params>
          <reporter-output>
          </reporter-output>
        </test-method> <!-- setup -->
        <test-method signature="loginTest(java.lang.String,java.lang.String,boolean)[pri:0, instance:tests.LoginTest@6b927fb]" started-at="2026-03-03T17:17:30 IST" name="loginTest" data-provider="loginData" finished-at="2026-03-03T17:17:35 IST" duration-ms="5613" status="PASS">
          <params>
            <param index="0">
              <value>
                <![CDATA[wrong]]>
              </value>
            </param>
            <param index="1">
              <value>
                <![CDATA[secret_sauce]]>
              </value>
            </param>
            <param index="2">
              <value>
                <![CDATA[false]]>
              </value>
            </param>
          </params>
          <reporter-output>
          </reporter-output>
        </test-method> <!-- loginTest -->
        <test-method is-config="true" signature="tearDown()[pri:0, instance:tests.LoginTest@6b927fb]" started-at="2026-03-03T17:17:35 IST" name="tearDown" finished-at="2026-03-03T17:17:40 IST" duration-ms="5294" status="PASS">
          <reporter-output>
          </reporter-output>
        </test-method> <!-- tearDown -->
        <test-method is-config="true" signature="setup(java.lang.String)[pri:0, instance:tests.LoginTest@6b927fb]" started-at="2026-03-03T17:17:40 IST" name="setup" finished-at="2026-03-03T17:17:53 IST" duration-ms="12974" status="PASS">
          <params>
            <param index="0">
              <value>
                <![CDATA[chrome]]>
              </value>
            </param>
          </params>
          <reporter-output>
          </reporter-output>
        </test-method> <!-- setup -->
        <test-method signature="loginTest(java.lang.String,java.lang.String,boolean)[pri:0, instance:tests.LoginTest@6b927fb]" started-at="2026-03-03T17:17:53 IST" name="loginTest" data-provider="loginData" finished-at="2026-03-03T17:17:56 IST" duration-ms="2077" status="PASS">
          <params>
            <param index="0">
              <value>
                <![CDATA[]]>
              </value>
            </param>
            <param index="1">
              <value>
                <![CDATA[]]>
              </value>
            </param>
            <param index="2">
              <value>
                <![CDATA[false]]>
              </value>
            </param>
          </params>
          <reporter-output>
          </reporter-output>
        </test-method> <!-- loginTest -->
        <test-method is-config="true" signature="tearDown()[pri:0, instance:tests.LoginTest@6b927fb]" started-at="2026-03-03T17:17:56 IST" name="tearDown" finished-at="2026-03-03T17:17:57 IST" duration-ms="1964" status="PASS">
          <reporter-output>
          </reporter-output>
        </test-method> <!-- tearDown -->
      </class> <!-- tests.LoginTest -->
      <class name="tests.OrderTest">
        <test-method is-config="true" signature="setup(java.lang.String)[pri:0, instance:tests.OrderTest@77847718]" started-at="2026-03-03T17:17:58 IST" name="setup" finished-at="2026-03-03T17:18:06 IST" duration-ms="7985" status="PASS">
          <params>
            <param index="0">
              <value>
                <![CDATA[chrome]]>
              </value>
            </param>
          </params>
          <reporter-output>
          </reporter-output>
        </test-method> <!-- setup -->
        <test-method signature="completeOrderTest()[pri:0, instance:tests.OrderTest@77847718]" started-at="2026-03-03T17:18:06 IST" name="completeOrderTest" finished-at="2026-03-03T17:18:10 IST" duration-ms="4422" status="PASS">
          <reporter-output>
          </reporter-output>
        </test-method> <!-- completeOrderTest -->
        <test-method is-config="true" signature="tearDown()[pri:0, instance:tests.OrderTest@77847718]" started-at="2026-03-03T17:18:10 IST" name="tearDown" finished-at="2026-03-03T17:18:11 IST" duration-ms="730" status="PASS">
          <reporter-output>
          </reporter-output>
        </test-method> <!-- tearDown -->
      </class> <!-- tests.OrderTest -->
    </test> <!-- Chrome Test -->
  </suite> <!-- E2EFramework Suite -->
</testng-results>
