<?xml version="1.0" encoding="UTF-8"?>
<!-- Generated by org.testng.reporters.JUnitXMLReporter -->
<testsuite ignored="0" hostname="DESKTOP-N9MI0K8" failures="2" tests="4" name="Login Module Test" time="38.271" errors="0" timestamp="2026-02-27T16:47:33 IST">
  <testcase classname="tests.LoginModuleTest" name="loginTest" time="1.355"/>
  <testcase classname="tests.LoginModuleTest" name="loginTest" time="6.796"/>
  <testcase classname="tests.LoginModuleTest" name="loginTest" time="1.558">
    <failure type="java.lang.AssertionError" message="Login failed for user: standard_user expected [true] but found [false]">
      <![CDATA[java.lang.AssertionError: Login failed for user: standard_user expected [true] but found [false]
at tests.LoginModuleTest.loginTest(LoginModuleTest.java:27)
at java.base/java.util.ArrayList.forEach(ArrayList.java:1604)
... Removed 28 stack frames]]>
    </failure>
  </testcase> <!-- loginTest -->
  <testcase classname="tests.LoginModuleTest" name="loginTest" time="2.624">
    <failure type="java.lang.AssertionError" message="Login failed for user:  expected [true] but found [false]">
      <![CDATA[java.lang.AssertionError: Login failed for user:  expected [true] but found [false]
at tests.LoginModuleTest.loginTest(LoginModuleTest.java:27)
at java.base/java.util.ArrayList.forEach(ArrayList.java:1604)
... Removed 28 stack frames]]>
    </failure>
  </testcase> <!-- loginTest -->
</testsuite> <!-- Login Module Test -->
