<?xml version="1.0" encoding="UTF-8"?>
<!-- Generated by org.testng.reporters.JUnitReportReporter -->
<testsuite hostname="DESKTOP-N9MI0K8" failures="0" tests="5" name="tests.LoginTest" time="47.256" errors="0" timestamp="2026-02-27T17:29:28 IST" skipped="0">
  <testcase classname="tests.LoginTest" name="loginTest" time="7.901"/>
  <testcase classname="tests.LoginTest" name="loginTest" time="9.714"/>
  <testcase classname="tests.LoginTest" name="loginTest" time="7.526"/>
  <testcase classname="tests.LoginTest" name="loginTest" time="13.302"/>
  <testcase classname="tests.LoginTest" name="loginTest" time="8.813"/>
</testsuite> <!-- tests.LoginTest -->
