<?xml version="1.0" encoding="UTF-8"?>
<testng-results ignored="0" total="5" passed="5" failed="0" skipped="0">
  <reporter-output>
  </reporter-output>
  <suite started-at="2026-02-27T17:28:40 IST" name="Login Suite" finished-at="2026-02-27T17:29:27 IST" duration-ms="47547">
    <groups>
    </groups>
    <test started-at="2026-02-27T17:28:40 IST" name="Login Test" finished-at="2026-02-27T17:29:27 IST" duration-ms="47547">
      <class name="tests.LoginTest">
        <test-method is-config="true" signature="beforeClass()[pri:0, instance:tests.LoginTest@647e447]" started-at="2026-02-27T17:28:40 IST" name="beforeClass" finished-at="2026-02-27T17:28:40 IST" duration-ms="33" status="PASS">
          <reporter-output>
          </reporter-output>
        </test-method> <!-- beforeClass -->
        <test-method is-config="true" signature="setup()[pri:0, instance:tests.LoginTest@647e447]" started-at="2026-02-27T17:28:40 IST" name="setup" finished-at="2026-02-27T17:28:50 IST" duration-ms="10176" status="PASS">
          <reporter-output>
          </reporter-output>
        </test-method> <!-- setup -->
        <test-method signature="loginTest(java.lang.String,java.lang.String,java.lang.String)[pri:0, instance:tests.LoginTest@647e447]" started-at="2026-02-27T17:28:50 IST" name="loginTest" data-provider="sauceLoginData" finished-at="2026-02-27T17:28:53 IST" duration-ms="2800" status="PASS">
          <params>
            <param index="0">
              <value>
                <![CDATA[standard_user]]>
              </value>
            </param>
            <param index="1">
              <value>
                <![CDATA[secret_sauce]]>
              </value>
            </param>
            <param index="2">
              <value>
                <![CDATA[success]]>
              </value>
            </param>
          </params>
          <reporter-output>
          </reporter-output>
        </test-method> <!-- loginTest -->
        <test-method is-config="true" signature="tearDown()[pri:0, instance:tests.LoginTest@647e447]" started-at="2026-02-27T17:28:53 IST" name="tearDown" finished-at="2026-02-27T17:28:55 IST" duration-ms="1927" status="PASS">
          <reporter-output>
          </reporter-output>
        </test-method> <!-- tearDown -->
        <test-method is-config="true" signature="setup()[pri:0, instance:tests.LoginTest@647e447]" started-at="2026-02-27T17:28:55 IST" name="setup" finished-at="2026-02-27T17:29:00 IST" duration-ms="4956" status="PASS">
          <reporter-output>
          </reporter-output>
        </test-method> <!-- setup -->
        <test-method signature="loginTest(java.lang.String,java.lang.String,java.lang.String)[pri:0, instance:tests.LoginTest@647e447]" started-at="2026-02-27T17:29:00 IST" name="loginTest" data-provider="sauceLoginData" finished-at="2026-02-27T17:29:02 IST" duration-ms="2334" status="PASS">
          <params>
            <param index="0">
              <value>
                <![CDATA[standard_user]]>
              </value>
            </param>
            <param index="1">
              <value>
                <![CDATA[wrong_pass]]>
              </value>
            </param>
            <param index="2">
              <value>
                <![CDATA[error]]>
              </value>
            </param>
          </params>
          <reporter-output>
          </reporter-output>
        </test-method> <!-- loginTest -->
        <test-method is-config="true" signature="tearDown()[pri:0, instance:tests.LoginTest@647e447]" started-at="2026-02-27T17:29:02 IST" name="tearDown" finished-at="2026-02-27T17:29:03 IST" duration-ms="1389" status="PASS">
          <reporter-output>
          </reporter-output>
        </test-method> <!-- tearDown -->
        <test-method is-config="true" signature="setup()[pri:0, instance:tests.LoginTest@647e447]" started-at="2026-02-27T17:29:03 IST" name="setup" finished-at="2026-02-27T17:29:07 IST" duration-ms="3881" status="PASS">
          <reporter-output>
          </reporter-output>
        </test-method> <!-- setup -->
        <test-method signature="loginTest(java.lang.String,java.lang.String,java.lang.String)[pri:0, instance:tests.LoginTest@647e447]" started-at="2026-02-27T17:29:07 IST" name="loginTest" data-provider="sauceLoginData" finished-at="2026-02-27T17:29:11 IST" duration-ms="4075" status="PASS">
          <params>
            <param index="0">
              <value>
                <![CDATA[wrong_user]]>
              </value>
            </param>
            <param index="1">
              <value>
                <![CDATA[secret_sauce]]>
              </value>
            </param>
            <param index="2">
              <value>
                <![CDATA[error]]>
              </value>
            </param>
          </params>
          <reporter-output>
          </reporter-output>
        </test-method> <!-- loginTest -->
        <test-method is-config="true" signature="tearDown()[pri:0, instance:tests.LoginTest@647e447]" started-at="2026-02-27T17:29:11 IST" name="tearDown" finished-at="2026-02-27T17:29:13 IST" duration-ms="1235" status="PASS">
          <reporter-output>
          </reporter-output>
        </test-method> <!-- tearDown -->
        <test-method is-config="true" signature="setup()[pri:0, instance:tests.LoginTest@647e447]" started-at="2026-02-27T17:29:13 IST" name="setup" finished-at="2026-02-27T17:29:17 IST" duration-ms="4778" status="PASS">
          <reporter-output>
          </reporter-output>
        </test-method> <!-- setup -->
        <test-method signature="loginTest(java.lang.String,java.lang.String,java.lang.String)[pri:0, instance:tests.LoginTest@647e447]" started-at="2026-02-27T17:29:17 IST" name="loginTest" data-provider="sauceLoginData" finished-at="2026-02-27T17:29:19 IST" duration-ms="1199" status="PASS">
          <params>
            <param index="0">
              <value>
                <![CDATA[]]>
              </value>
            </param>
            <param index="1">
              <value>
                <![CDATA[]]>
              </value>
            </param>
            <param index="2">
              <value>
                <![CDATA[validation]]>
              </value>
            </param>
          </params>
          <reporter-output>
          </reporter-output>
        </test-method> <!-- loginTest -->
        <test-method is-config="true" signature="tearDown()[pri:0, instance:tests.LoginTest@647e447]" started-at="2026-02-27T17:29:19 IST" name="tearDown" finished-at="2026-02-27T17:29:20 IST" duration-ms="1271" status="PASS">
          <reporter-output>
          </reporter-output>
        </test-method> <!-- tearDown -->
        <test-method is-config="true" signature="setup()[pri:0, instance:tests.LoginTest@647e447]" started-at="2026-02-27T17:29:20 IST" name="setup" finished-at="2026-02-27T17:29:24 IST" duration-ms="4178" status="PASS">
          <reporter-output>
          </reporter-output>
        </test-method> <!-- setup -->
        <test-method signature="loginTest(java.lang.String,java.lang.String,java.lang.String)[pri:0, instance:tests.LoginTest@647e447]" started-at="2026-02-27T17:29:24 IST" name="loginTest" data-provider="sauceLoginData" finished-at="2026-02-27T17:29:25 IST" duration-ms="1299" status="PASS">
          <params>
            <param index="0">
              <value>
                <![CDATA[locked_out_user]]>
              </value>
            </param>
            <param index="1">
              <value>
                <![CDATA[secret_sauce]]>
              </value>
            </param>
            <param index="2">
              <value>
                <![CDATA[locked]]>
              </value>
            </param>
          </params>
          <reporter-output>
          </reporter-output>
        </test-method> <!-- loginTest -->
        <test-method is-config="true" signature="tearDown()[pri:0, instance:tests.LoginTest@647e447]" started-at="2026-02-27T17:29:25 IST" name="tearDown" finished-at="2026-02-27T17:29:27 IST" duration-ms="1758" status="PASS">
          <reporter-output>
          </reporter-output>
        </test-method> <!-- tearDown -->
        <test-method is-config="true" signature="afterClass()[pri:0, instance:tests.LoginTest@647e447]" started-at="2026-02-27T17:29:27 IST" name="afterClass" finished-at="2026-02-27T17:29:27 IST" duration-ms="2" status="PASS">
          <reporter-output>
          </reporter-output>
        </test-method> <!-- afterClass -->
      </class> <!-- tests.LoginTest -->
    </test> <!-- Login Test -->
  </suite> <!-- Login Suite -->
</testng-results>
