<?xml version="1.0" encoding="UTF-8"?>
<!-- Generated by org.testng.reporters.JUnitReportReporter -->
<testsuite hostname="DESKTOP-N9MI0K8" failures="0" tests="3" name="Maven_Selenium.LoginTest" time="26.163" errors="0" timestamp="2026-02-17T15:53:29 IST" skipped="0">
  <testcase classname="Maven_Selenium.LoginTest" name="loginTest" time="7.693"/>
  <testcase classname="Maven_Selenium.LoginTest" name="loginTest" time="8.082"/>
  <testcase classname="Maven_Selenium.LoginTest" name="loginTest" time="10.388"/>
</testsuite> <!-- Maven_Selenium.LoginTest -->
