<?xml version="1.0" encoding="UTF-8"?>
<!-- Generated by org.testng.reporters.JUnitXMLReporter -->
<testsuite ignored="0" hostname="DESKTOP-N9MI0K8" failures="0" tests="5" name="ChromeTest" time="150.87" errors="0" timestamp="2026-03-03T16:19:25 IST">
  <testcase classname="tests.LoginTest" name="loginTest" time="7.776"/>
  <testcase classname="tests.LoginTest" name="loginTest" time="8.475"/>
  <testcase classname="tests.LoginTest" name="loginTest" time="8.174"/>
  <testcase classname="tests.LoginTest" name="loginTest" time="1.594"/>
  <testcase classname="tests.OrderTest" name="completeOrderTest" time="10.123"/>
</testsuite> <!-- ChromeTest -->
