<?xml version="1.0" encoding="UTF-8"?>
<!-- Generated by org.testng.reporters.JUnitXMLReporter -->
<testsuite ignored="0" hostname="DESKTOP-N9MI0K8" failures="0" tests="4" name="FirefoxTest" time="215.184" errors="0" timestamp="2026-03-03T16:20:29 IST">
  <testcase classname="tests.LoginTest" name="loginTest" time="2.87"/>
  <testcase classname="tests.LoginTest" name="loginTest" time="3.248"/>
  <testcase classname="tests.LoginTest" name="loginTest" time="1.366"/>
  <testcase classname="tests.LoginTest" name="loginTest" time="2.565"/>
</testsuite> <!-- FirefoxTest -->
