<?xml version="1.0" encoding="UTF-8"?>
<!-- Generated by org.testng.reporters.JUnitReportReporter -->
<testsuite hostname="DESKTOP-N9MI0K8" failures="0" tests="4" name="tests.LoginTest" time="149.659" errors="0" timestamp="2026-03-03T17:18:12 IST" skipped="0">
  <testcase classname="tests.LoginTest" name="loginTest" time="70.957"/>
  <testcase classname="tests.LoginTest" name="loginTest" time="19.839"/>
  <testcase classname="tests.LoginTest" name="loginTest" time="30.778"/>
  <testcase classname="tests.LoginTest" name="loginTest" time="28.085"/>
</testsuite> <!-- tests.LoginTest -->
