<?xml version="1.0" encoding="UTF-8"?>
<!-- Generated by org.testng.reporters.JUnitXMLReporter -->
<testsuite ignored="0" hostname="DESKTOP-N9MI0K8" failures="0" tests="5" name="Chrome Test" time="163.327" errors="0" timestamp="2026-03-03T17:18:11 IST">
  <testcase classname="tests.LoginTest" name="loginTest" time="1.684"/>
  <testcase classname="tests.LoginTest" name="loginTest" time="1.902"/>
  <testcase classname="tests.LoginTest" name="loginTest" time="5.613"/>
  <testcase classname="tests.LoginTest" name="loginTest" time="2.077"/>
  <testcase classname="tests.OrderTest" name="completeOrderTest" time="4.422"/>
</testsuite> <!-- Chrome Test -->
