<?xml version="1.0" encoding="UTF-8"?>
<!-- Generated by org.testng.reporters.JUnitXMLReporter -->
<testsuite ignored="0" hostname="DESKTOP-N9MI0K8" failures="0" tests="5" name="Default test" time="29.739" errors="0" timestamp="2026-02-27T13:07:43 IST">
  <testcase classname="tests.LoginTest" name="loginTest" time="1.15"/>
  <testcase classname="tests.LoginTest" name="loginTest" time="1.202"/>
  <testcase classname="tests.LoginTest" name="loginTest" time="1.082"/>
  <testcase classname="tests.LoginTest" name="loginTest" time="0.866"/>
  <testcase classname="tests.LoginTest" name="loginTest" time="1.513"/>
</testsuite> <!-- Default test -->
