<?xml version="1.0" encoding="UTF-8"?>
<!-- Generated by org.testng.reporters.JUnitXMLReporter -->
<testsuite ignored="0" hostname="DESKTOP-N9MI0K8" failures="0" tests="5" name="Login Test" time="47.547" errors="0" timestamp="2026-02-27T17:29:27 IST">
  <testcase classname="tests.LoginTest" name="loginTest" time="2.8"/>
  <testcase classname="tests.LoginTest" name="loginTest" time="2.334"/>
  <testcase classname="tests.LoginTest" name="loginTest" time="4.075"/>
  <testcase classname="tests.LoginTest" name="loginTest" time="1.199"/>
  <testcase classname="tests.LoginTest" name="loginTest" time="1.299"/>
</testsuite> <!-- Login Test -->
