<?xml version="1.0" encoding="UTF-8"?>
<!-- Generated by org.testng.reporters.JUnitReportReporter -->
<testsuite hostname="DESKTOP-N9MI0K8" failures="0" tests="3" name="Test_NG.LoginTest" time="60.527" errors="0" timestamp="2026-02-18T14:14:27 IST" skipped="0">
  <testcase classname="Test_NG.LoginTest" name="loginTest" time="30.210"/>
  <testcase classname="Test_NG.LoginTest" name="loginTest" time="20.745"/>
  <testcase classname="Test_NG.LoginTest" name="loginTest" time="9.572"/>
</testsuite> <!-- Test_NG.LoginTest -->
