<?xml version="1.0" encoding="UTF-8"?>
<!-- Generated by org.testng.reporters.JUnitReportReporter -->
<testsuite hostname="DESKTOP-N9MI0K8" failures="0" tests="3" name="Test_NG.LoginTestCsv" time="36.332" errors="0" timestamp="2026-02-18T11:44:47 IST" skipped="0">
  <testcase classname="Test_NG.LoginTestCsv" name="loginTest" time="14.424"/>
  <testcase classname="Test_NG.LoginTestCsv" name="loginTest" time="10.629"/>
  <testcase classname="Test_NG.LoginTestCsv" name="loginTest" time="11.279"/>
</testsuite> <!-- Test_NG.LoginTestCsv -->
