<?xml version="1.0" encoding="UTF-8"?>
<!-- Generated by org.testng.reporters.JUnitReportReporter -->
<testsuite hostname="DESKTOP-N9MI0K8" failures="0" tests="5" name="Test_NG.CRUD_Api" time="9.476" errors="0" timestamp="2026-02-20T14:15:02 IST" skipped="0">
  <testcase classname="Test_NG.CRUD_Api" name="getAllProducts" time="5.421"/>
  <testcase classname="Test_NG.CRUD_Api" name="getSingleProduct" time="1.765"/>
  <testcase classname="Test_NG.CRUD_Api" name="createProduct" time="0.763"/>
  <testcase classname="Test_NG.CRUD_Api" name="updateProduct" time="0.781"/>
  <testcase classname="Test_NG.CRUD_Api" name="deleteProduct" time="0.746"/>
</testsuite> <!-- Test_NG.CRUD_Api -->
